{"/Users/Maksim_Kirylka/projects/algoexpert/max-code/src/leetcode/845_longest-mountain-in-array/index.js": {"path":"/Users/Maksim_Kirylka/projects/algoexpert/max-code/src/leetcode/845_longest-mountain-in-array/index.js","all":false,"statementMap":{"0":{"start":{"line":1,"column":0},"end":{"line":1,"column":3}},"1":{"start":{"line":2,"column":0},"end":{"line":2,"column":24}},"2":{"start":{"line":3,"column":0},"end":{"line":3,"column":19}},"3":{"start":{"line":4,"column":0},"end":{"line":4,"column":3}},"4":{"start":{"line":5,"column":0},"end":{"line":5,"column":41}},"5":{"start":{"line":6,"column":0},"end":{"line":6,"column":13}},"6":{"start":{"line":7,"column":0},"end":{"line":7,"column":1}}},"s":{"0":1,"1":1,"2":1,"3":1,"4":1,"5":1,"6":1},"branchMap":{"0":{"type":"branch","line":5,"loc":{"start":{"line":5,"column":32},"end":{"line":7,"column":1}},"locations":[{"start":{"line":5,"column":32},"end":{"line":7,"column":1}}]}},"b":{"0":[1]},"fnMap":{"0":{"name":"longestMountain","decl":{"start":{"line":5,"column":32},"end":{"line":7,"column":1}},"loc":{"start":{"line":5,"column":32},"end":{"line":7,"column":1}},"line":5}},"f":{"0":1}}
}
